<?xml version="1.0" encoding="UTF-8"?>
<testsuite name="com.example.test.MatrixMathematicsTest" tests="4" skipped="0" failures="0" errors="0" timestamp="2018-12-03T11:14:14" hostname="DESKTOP-RQNPO4K" time="0.012">
  <properties/>
  <testcase name="testDeterminant" classname="com.example.test.MatrixMathematicsTest" time="0.006"/>
  <testcase name="testCofactor" classname="com.example.test.MatrixMathematicsTest" time="0.004"/>
  <testcase name="testNoSquareException" classname="com.example.test.MatrixMathematicsTest" time="0.001"/>
  <testcase name="testCreateSubMatrix" classname="com.example.test.MatrixMathematicsTest" time="0.0"/>
  <system-out><![CDATA[]]></system-out>
  <system-err><![CDATA[]]></system-err>
</testsuite>
